<?xml version="1.0" encoding="UTF-8"?>
<robot generator="Robot 7.4.2 (Python 3.14.3 on win32)" generated="2026-03-27T02:30:23.220208" rpa="false" schemaversion="5">
<suite id="s1" name="Practica2 Pruebas Automatizadas" source="C:\Users\adell\OneDrive\Documentos\GitHub\Practica2_Pruebas_Automatizadas">
<suite id="s1-s1" name="Tests" source="C:\Users\adell\OneDrive\Documentos\GitHub\Practica2_Pruebas_Automatizadas\Tests">
<suite id="s1-s1-s1" name="Test" source="C:\Users\adell\OneDrive\Documentos\GitHub\Practica2_Pruebas_Automatizadas\Tests\test.robot">
<test id="s1-s1-s1-t1" name="TC_08_Verificar_Actualizacion_Del_Carrito" line="63">
<kw name="Abrir Demoblaze" owner="keywords">
<kw name="Open Browser" owner="SeleniumLibrary">
<msg time="2026-03-27T02:30:23.439266" level="INFO">Opening browser 'chrome' to base url 'https://www.demoblaze.com/'.</msg>
<arg>${URL}</arg>
<arg>${BROWSER}</arg>
<doc>Opens a new browser instance to the optional ``url``.</doc>
<status status="PASS" start="2026-03-27T02:30:23.438987" elapsed="1.180608"/>
</kw>
<kw name="Maximize Browser Window" owner="SeleniumLibrary">
<doc>Maximizes current browser window.</doc>
<status status="PASS" start="2026-03-27T02:30:24.619871" elapsed="0.022436"/>
</kw>
<kw name="Set Selenium Speed" owner="SeleniumLibrary">
<arg>0.3s</arg>
<doc>Sets the delay that is waited after each Selenium command.</doc>
<status status="PASS" start="2026-03-27T02:30:24.642676" elapsed="0.000459"/>
</kw>
<kw name="Wait Until Element Is Visible" owner="SeleniumLibrary">
<arg>link=Samsung galaxy s6</arg>
<arg>5s</arg>
<doc>Waits until the element ``locator`` is visible.</doc>
<status status="PASS" start="2026-03-27T02:30:24.643420" elapsed="1.134558"/>
</kw>
<status status="PASS" start="2026-03-27T02:30:23.438224" elapsed="2.339927"/>
</kw>
<kw name="Añadir Producto Al Carrito" owner="keywords">
<kw name="Click Link" owner="SeleniumLibrary">
<msg time="2026-03-27T02:30:25.779260" level="INFO">Clicking link 'link=Samsung galaxy s6'.</msg>
<arg>${producto}</arg>
<doc>Clicks a link identified by ``locator``.</doc>
<status status="PASS" start="2026-03-27T02:30:25.779050" elapsed="1.149049"/>
</kw>
<kw name="Click Element" owner="SeleniumLibrary">
<msg time="2026-03-27T02:30:26.928539" level="INFO">Clicking element 'class:btn-success'.</msg>
<arg>class:btn-success</arg>
<doc>Click the element identified by ``locator``.</doc>
<status status="PASS" start="2026-03-27T02:30:26.928320" elapsed="0.650397"/>
</kw>
<kw name="Handle Alert" owner="SeleniumLibrary">
<msg time="2026-03-27T02:30:27.579237" level="INFO">HANDLE::&lt;class 'NoneType'&gt;::None</msg>
<arg>ACCEPT</arg>
<doc>Handles the current alert and returns its message.</doc>
<status status="PASS" start="2026-03-27T02:30:27.579020" elapsed="0.905453"/>
</kw>
<arg>link=Samsung galaxy s6</arg>
<status status="PASS" start="2026-03-27T02:30:25.778663" elapsed="2.705964"/>
</kw>
<kw name="Ir Al Carrito" owner="keywords">
<kw name="Click Link" owner="SeleniumLibrary">
<msg time="2026-03-27T02:30:28.485526" level="INFO">Clicking link 'id=cartur'.</msg>
<arg>id=cartur</arg>
<doc>Clicks a link identified by ``locator``.</doc>
<status status="PASS" start="2026-03-27T02:30:28.485348" elapsed="1.148188"/>
</kw>
<kw name="Wait Until Element Is Visible" owner="SeleniumLibrary">
<arg>xpath=//h2[text()='Products']</arg>
<arg>5s</arg>
<doc>Waits until the element ``locator`` is visible.</doc>
<status status="PASS" start="2026-03-27T02:30:29.633756" elapsed="0.614082"/>
</kw>
<status status="PASS" start="2026-03-27T02:30:28.485082" elapsed="1.762901"/>
</kw>
<kw name="Wait Until Element Is Visible" owner="SeleniumLibrary">
<arg>id=tbodyid</arg>
<arg>10s</arg>
<doc>Waits until the element ``locator`` is visible.</doc>
<status status="PASS" start="2026-03-27T02:30:30.248345" elapsed="0.613295"/>
</kw>
<kw name="Element Should Be Visible" owner="SeleniumLibrary">
<msg time="2026-03-27T02:30:31.475257" level="INFO">Element 'xpath=//td[text()='Samsung galaxy s6']' is displayed.</msg>
<arg>xpath=//td[text()='Samsung galaxy s6']</arg>
<doc>Verifies that the element identified by ``locator`` is visible.</doc>
<status status="PASS" start="2026-03-27T02:30:30.862076" elapsed="0.613347"/>
</kw>
<kw name="Element Should Contain" owner="SeleniumLibrary">
<msg time="2026-03-27T02:30:32.096733" level="INFO">Element 'xpath=(//td)[3]' contains text '360'.</msg>
<arg>xpath=(//td)[3]</arg>
<arg>360</arg>
<doc>Verifies that element ``locator`` contains text ``expected``.</doc>
<status status="PASS" start="2026-03-27T02:30:31.475860" elapsed="0.621007"/>
</kw>
<kw name="Capture Page Screenshot" owner="SeleniumLibrary">
<msg time="2026-03-27T02:30:32.534238" level="INFO" html="true">&lt;/td&gt;&lt;/tr&gt;&lt;tr&gt;&lt;td colspan="3"&gt;&lt;a href="carrito_actualizado.png"&gt;&lt;img src="carrito_actualizado.png" width="800px"&gt;&lt;/a&gt;</msg>
<arg>carrito_actualizado.png</arg>
<doc>Takes a screenshot of the current page and embeds it into a log file.</doc>
<status status="PASS" start="2026-03-27T02:30:32.097256" elapsed="0.437118"/>
</kw>
<kw name="Close Browser" owner="SeleniumLibrary" type="TEARDOWN">
<doc>Closes the current browser.</doc>
<status status="PASS" start="2026-03-27T02:30:32.534912" elapsed="2.399420"/>
</kw>
<status status="PASS" start="2026-03-27T02:30:23.437481" elapsed="11.497146"/>
</test>
<status status="PASS" start="2026-03-27T02:30:23.259070" elapsed="11.676571"/>
</suite>
<status status="PASS" start="2026-03-27T02:30:23.257759" elapsed="11.679050"/>
</suite>
<status status="PASS" start="2026-03-27T02:30:23.222097" elapsed="11.715504"/>
</suite>
<statistics>
<total>
<stat pass="1" fail="0" skip="0">All Tests</stat>
</total>
<tag>
</tag>
<suite>
<stat name="Practica2 Pruebas Automatizadas" id="s1" pass="1" fail="0" skip="0">Practica2 Pruebas Automatizadas</stat>
<stat name="Tests" id="s1-s1" pass="1" fail="0" skip="0">Practica2 Pruebas Automatizadas.Tests</stat>
<stat name="Test" id="s1-s1-s1" pass="1" fail="0" skip="0">Practica2 Pruebas Automatizadas.Tests.Test</stat>
</suite>
</statistics>
<errors>
</errors>
</robot>
