<?xml version="1.0" encoding="UTF-8"?>
<robot generator="Robot 7.4.2 (Python 3.14.3 on win32)" generated="2026-03-26T19:37:50.534746" rpa="false" schemaversion="5">
<suite id="s1" name="Test" source="C:\Users\norma\OneDrive\Escritorio\Documentos\GitHub\Practica2_252102_252770\Tests\test.robot">
<test id="s1-t1" name="TC_015_Envio_Formulario_Contacto" line="45">
<kw name="Abrir Demoblaze" owner="keywords">
<kw name="Open Browser" owner="SeleniumLibrary">
<msg time="2026-03-26T19:37:51.099999" level="INFO">Opening browser 'chrome' to base url 'https://www.demoblaze.com/'.</msg>
<arg>${URL}</arg>
<arg>${BROWSER}</arg>
<doc>Opens a new browser instance to the optional ``url``.</doc>
<status status="PASS" start="2026-03-26T19:37:51.099421" elapsed="1.720862"/>
</kw>
<kw name="Maximize Browser Window" owner="SeleniumLibrary">
<doc>Maximizes current browser window.</doc>
<status status="PASS" start="2026-03-26T19:37:52.821012" elapsed="0.048771"/>
</kw>
<kw name="Set Selenium Speed" owner="SeleniumLibrary">
<arg>0.3s</arg>
<doc>Sets the delay that is waited after each Selenium command.</doc>
<status status="PASS" start="2026-03-26T19:37:52.870373" elapsed="0.001330"/>
</kw>
<kw name="Wait Until Element Is Visible" owner="SeleniumLibrary">
<arg>link=Samsung galaxy s6</arg>
<arg>5s</arg>
<doc>Waits until the element ``locator`` is visible.</doc>
<status status="PASS" start="2026-03-26T19:37:52.872497" elapsed="1.177538"/>
</kw>
<status status="PASS" start="2026-03-26T19:37:51.098065" elapsed="2.952280"/>
</kw>
<kw name="Click Link" owner="SeleniumLibrary">
<msg time="2026-03-26T19:37:54.050976" level="INFO">Clicking link 'Contact'.</msg>
<arg>Contact</arg>
<doc>Clicks a link identified by ``locator``.</doc>
<status status="PASS" start="2026-03-26T19:37:54.050601" elapsed="1.018259"/>
</kw>
<kw name="Input Text" owner="SeleniumLibrary">
<msg time="2026-03-26T19:37:55.069917" level="INFO">Typing text 'test@correo.com' into text field 'id:recipient-email'.</msg>
<arg>id:recipient-email</arg>
<arg>test@correo.com</arg>
<doc>Types the given ``text`` into the text field identified by ``locator``.</doc>
<status status="PASS" start="2026-03-26T19:37:55.069381" elapsed="1.085355"/>
</kw>
<kw name="Input Text" owner="SeleniumLibrary">
<msg time="2026-03-26T19:37:56.156063" level="INFO">Typing text 'Juan Perez' into text field 'id:recipient-name'.</msg>
<arg>id:recipient-name</arg>
<arg>Juan Perez</arg>
<doc>Types the given ``text`` into the text field identified by ``locator``.</doc>
<status status="PASS" start="2026-03-26T19:37:56.155319" elapsed="1.163856"/>
</kw>
<kw name="Input Text" owner="SeleniumLibrary">
<msg time="2026-03-26T19:37:57.320233" level="INFO">Typing text 'Hola, esto es una prueba.' into text field 'id:message-text'.</msg>
<arg>id:message-text</arg>
<arg>Hola, esto es una prueba.</arg>
<doc>Types the given ``text`` into the text field identified by ``locator``.</doc>
<status status="PASS" start="2026-03-26T19:37:57.319745" elapsed="1.062762"/>
</kw>
<kw name="Click Element" owner="SeleniumLibrary">
<msg time="2026-03-26T19:37:58.383276" level="INFO">Clicking element 'css:.btn-primary'.</msg>
<arg>css:.btn-primary</arg>
<doc>Click the element identified by ``locator``.</doc>
<status status="PASS" start="2026-03-26T19:37:58.382890" elapsed="0.677571"/>
</kw>
<kw name="Handle Alert" owner="SeleniumLibrary">
<msg time="2026-03-26T19:37:59.061376" level="INFO">HANDLE::&lt;class 'NoneType'&gt;::None</msg>
<arg>ACCEPT</arg>
<doc>Handles the current alert and returns its message.</doc>
<status status="PASS" start="2026-03-26T19:37:59.060927" elapsed="0.912496"/>
</kw>
<kw name="Close Browser" owner="SeleniumLibrary" type="TEARDOWN">
<doc>Closes the current browser.</doc>
<status status="PASS" start="2026-03-26T19:37:59.973970" elapsed="2.635594"/>
</kw>
<status status="PASS" start="2026-03-26T19:37:51.096482" elapsed="11.513366"/>
</test>
<status status="PASS" start="2026-03-26T19:37:50.567364" elapsed="12.043773"/>
</suite>
<statistics>
<total>
<stat pass="1" fail="0" skip="0">All Tests</stat>
</total>
<tag>
</tag>
<suite>
<stat name="Test" id="s1" pass="1" fail="0" skip="0">Test</stat>
</suite>
</statistics>
<errors>
</errors>
</robot>
