<?xml version="1.0" encoding="UTF-8"?>
<robot generator="Robot 7.4.2 (Python 3.14.3 on win32)" generated="2026-03-26T18:13:37.044847" rpa="false" schemaversion="5">
<suite id="s1" name="Test" source="C:\Users\norma\OneDrive\Escritorio\Documentos\GitHub\Practica2_252102_252770\Tests\test.robot">
<test id="s1-t1" name="Mi Primera Prueba" line="2">
<kw name="Log To Console" owner="BuiltIn">
<arg>¡Hola! Ya estoy funcionando.</arg>
<doc>Logs the given message to the console.</doc>
<status status="PASS" start="2026-03-26T18:13:37.111525" elapsed="0.000656"/>
</kw>
<kw name="Log" owner="BuiltIn">
<msg time="2026-03-26T18:13:37.112883" level="INFO">Este mensaje aparecerá en el log.html</msg>
<arg>Este mensaje aparecerá en el log.html</arg>
<doc>Logs the given message with the given level.</doc>
<status status="PASS" start="2026-03-26T18:13:37.112523" elapsed="0.000436"/>
</kw>
<status status="PASS" start="2026-03-26T18:13:37.110363" elapsed="0.002877"/>
</test>
<status status="PASS" start="2026-03-26T18:13:37.047876" elapsed="0.066183"/>
</suite>
<statistics>
<total>
<stat pass="1" fail="0" skip="0">All Tests</stat>
</total>
<tag>
</tag>
<suite>
<stat name="Test" id="s1" pass="1" fail="0" skip="0">Test</stat>
</suite>
</statistics>
<errors>
</errors>
</robot>
